2026-04-18T10:58:46,827  WARN CoordUtils:328 Mix of 2D / 3D coordinates. Assuming 2D only.
 This message given only once.
2026-04-18T10:58:48,172  WARN QueueWithBuffer:543 storage capacity not sufficient for holes; increasing from 0.055265688370324674 to 0.05636275688066879
2026-04-18T10:58:48,172  WARN QueueWithBuffer:543 storage capacity not sufficient for holes; increasing from 0.021260402248514897 to 0.024055471167980572
2026-04-18T10:58:48,178  WARN QueueWithBuffer:543 storage capacity not sufficient for holes; increasing from 0.032340405505669405 to 0.03488078444961741
2026-04-18T10:58:48,178  WARN QueueWithBuffer:543 storage capacity not sufficient for holes; increasing from 0.032340405505669405 to 0.03488078444961741
2026-04-18T10:58:48,181  WARN QueueWithBuffer:543 storage capacity not sufficient for holes; increasing from 0.04185172861700369 to 0.04405851447951032
2026-04-18T10:58:48,181  WARN QueueWithBuffer:543 storage capacity not sufficient for holes; increasing from 0.04185172861700369 to 0.04405851447951032
2026-04-18T10:58:48,181  WARN QueueWithBuffer:543 storage capacity not sufficient for holes; increasing from 0.03515452820445508 to 0.03763903611743116
2026-04-18T10:58:48,182  WARN QueueWithBuffer:543 storage capacity not sufficient for holes; increasing from 0.034403956386880194 to 0.03690700770535922
2026-04-18T10:58:48,182  WARN QueueWithBuffer:543 storage capacity not sufficient for holes; increasing from 0.06394778663312707 to 0.06397936309809217
2026-04-18T10:58:48,182  WARN QueueWithBuffer:543 storage capacity not sufficient for holes; increasing from 0.05918980029294009 to 0.0598366413742482
2026-04-18T10:58:48,182  WARN QueueWithBuffer:543 storage capacity not sufficient for holes; increasing from 0.04088729523084043 to 0.04314615409885905
2026-04-18T10:58:50,309  WARN ObjectAttributesConverter:96 No AttributeConverter found for class org.matsim.api.core.v01.Id$IdImpl. Not all attribute values can be converted.
2026-04-18T10:58:50,309  WARN ObjectAttributesConverter:96 No AttributeConverter found for class org.matsim.api.core.v01.Id$IdImpl. Not all attribute values can be converted.
2026-04-18T10:58:50,327  WARN CoordUtils$EucledianDistanceCalculator:432 Mixed use of elevation in coordinates: [x=157151.2710116572 | y=177617.97481705807 | z=0.0]; [x=146502.05943999998 | y=167066.07919998]
2026-04-18T10:58:50,327  WARN CoordUtils$EucledianDistanceCalculator:434 Returning projected coordinate distance (using x and y components only)
2026-04-18T10:58:51,304  WARN ExpBetaPlanChanger:102 Would make sense to revise this once more.  See comments in code.  kai, nov08
2026-04-18T10:58:53,997  WARN CoordUtils$EucledianDistanceCalculator:432 Mixed use of elevation in coordinates: [x=157151.2710116572 | y=177617.97481705807 | z=0.0]; [x=146502.05943999998 | y=167066.07919998]
2026-04-18T10:58:53,998  WARN CoordUtils$EucledianDistanceCalculator:434 Returning projected coordinate distance (using x and y components only)
2026-04-18T10:59:24,121  WARN ObjectAttributesConverter:96 No AttributeConverter found for class org.matsim.api.core.v01.Id$IdImpl. Not all attribute values can be converted.
2026-04-18T11:00:07,719  WARN ObjectAttributesConverter:96 No AttributeConverter found for class org.matsim.api.core.v01.Id$IdImpl. Not all attribute values can be converted.
2026-04-18T11:00:07,719  WARN ObjectAttributesConverter:96 No AttributeConverter found for class org.matsim.api.core.v01.Id$IdImpl. Not all attribute values can be converted.
2026-04-18T11:00:46,803  WARN ObjectAttributesConverter:96 No AttributeConverter found for class org.matsim.api.core.v01.Id$IdImpl. Not all attribute values can be converted.
2026-04-18T11:00:46,803  WARN ObjectAttributesConverter:96 No AttributeConverter found for class org.matsim.api.core.v01.Id$IdImpl. Not all attribute values can be converted.
2026-04-18T11:01:28,383  WARN ObjectAttributesConverter:96 No AttributeConverter found for class org.matsim.api.core.v01.Id$IdImpl. Not all attribute values can be converted.
2026-04-18T11:01:28,383  WARN ObjectAttributesConverter:96 No AttributeConverter found for class org.matsim.api.core.v01.Id$IdImpl. Not all attribute values can be converted.
2026-04-18T11:02:11,509  WARN ObjectAttributesConverter:96 No AttributeConverter found for class org.matsim.api.core.v01.Id$IdImpl. Not all attribute values can be converted.
