2026-02-24T21:55:58,898  WARN PrepareForSimImpl:265 'usePersonIdForMissingVehicleId' is deprecated. It will be removed soon.
2026-02-24T21:56:01,333  WARN RandomizingTimeDistanceTravelDisutilityFactory:113 There will be no routing randomness. The randomization of the travel disutility requires the monetary distance rate to be different than zero. Continuing anyway.
2026-02-24T21:56:01,334  WARN RandomizingTimeDistanceTravelDisutilityFactory:118 There will be no routing randomness. The randomization of the travel disutility requires the travel time cost rate to be different than zero. Continuing anyway.
2026-02-24T21:56:01,902  WARN NetworkRoutingProvider:137 [mode: car; routingMode: car] Using deprecated routing module without access/egress. Consider using AccessEgressNetworkRouter instead.
2026-02-24T21:56:03,716  WARN NetworkRoutingProvider:137 [mode: car; routingMode: car] Using deprecated routing module without access/egress. Consider using AccessEgressNetworkRouter instead.
2026-02-24T21:56:03,804  WARN CoordUtils:328 Mix of 2D / 3D coordinates. Assuming 2D only.
 This message given only once.
2026-02-24T21:56:04,216  WARN NetworkRoutingProvider:137 [mode: car; routingMode: car] Using deprecated routing module without access/egress. Consider using AccessEgressNetworkRouter instead.
2026-02-24T21:56:04,226  WARN NetworkRoutingProvider:137 [mode: car; routingMode: car] Using deprecated routing module without access/egress. Consider using AccessEgressNetworkRouter instead.
2026-02-24T21:56:04,413  WARN QueueWithBuffer:504 Link 1049938990002f too small: enlarge storage capacity from: 3.9326138769517556 Vehicles to: 5.241265537747956 Vehicles.  This is not fatal, but modifies the traffic flow dynamics.
2026-02-24T21:56:04,456  WARN QueueWithBuffer:504 Link 11047777670000f too small: enlarge storage capacity from: 3.8749899724988226 Vehicles to: 5.195500345773977 Vehicles.  This is not fatal, but modifies the traffic flow dynamics.
2026-02-24T21:56:04,457  WARN QueueWithBuffer:504 Link 11066642900002f too small: enlarge storage capacity from: 2.1693610995537473 Vehicles to: 2.348480444584183 Vehicles.  This is not fatal, but modifies the traffic flow dynamics.
2026-02-24T21:56:04,457  WARN QueueWithBuffer:504 Link 11066642900004f too small: enlarge storage capacity from: 1.8247182127338466 Vehicles to: 2.0065748511620836 Vehicles.  This is not fatal, but modifies the traffic flow dynamics.
2026-02-24T21:56:04,457  WARN QueueWithBuffer:504 Link 11066642910002f too small: enlarge storage capacity from: 1.7632679614788318 Vehicles to: 1.944475147247866 Vehicles.  This is not fatal, but modifies the traffic flow dynamics.
2026-02-24T21:56:04,457  WARN QueueWithBuffer:504 Link 11066642920001f too small: enlarge storage capacity from: 1.0762907290316548 Vehicles to: 1.2255850430035748 Vehicles.  This is not fatal, but modifies the traffic flow dynamics.
2026-02-24T21:56:04,457  WARN QueueWithBuffer:504 Link 11066642930004f too small: enlarge storage capacity from: 1.6739385333848387 Vehicles to: 1.8535736169339674 Vehicles.  This is not fatal, but modifies the traffic flow dynamics.
2026-02-24T21:56:04,457  WARN QueueWithBuffer:504 Link 11066642940004f too small: enlarge storage capacity from: 1.5716390713490596 Vehicles to: 1.748549046835273 Vehicles.  This is not fatal, but modifies the traffic flow dynamics.
2026-02-24T21:56:04,457  WARN QueueWithBuffer:504 Link 11066642940006f too small: enlarge storage capacity from: 0.5791048275434962 Vehicles to: 0.6753651086150936 Vehicles.  This is not fatal, but modifies the traffic flow dynamics.
2026-02-24T21:56:04,457  WARN QueueWithBuffer:504 Link 11066642970000f too small: enlarge storage capacity from: 0.5632091305989578 Vehicles to: 0.6573349206249155 Vehicles.  This is not fatal, but modifies the traffic flow dynamics.
2026-02-24T21:56:04,468  WARN QueueWithBuffer:504 Link 11481303240001f too small: enlarge storage capacity from: 1.7107929004265165 Vehicles to: 3.1711188007032427 Vehicles.  This is not fatal, but modifies the traffic flow dynamics.
2026-02-24T21:56:04,468  WARN QueueWithBuffer:507 Additional warnings of this type are suppressed.
2026-02-24T21:56:08,563  WARN NetworkRoutingProvider:137 [mode: car; routingMode: car] Using deprecated routing module without access/egress. Consider using AccessEgressNetworkRouter instead.
2026-02-24T21:56:08,571  WARN NetworkRoutingProvider:137 [mode: car; routingMode: car] Using deprecated routing module without access/egress. Consider using AccessEgressNetworkRouter instead.
2026-02-24T21:56:09,202  WARN NetworkRoutingProvider:137 [mode: car; routingMode: car] Using deprecated routing module without access/egress. Consider using AccessEgressNetworkRouter instead.
2026-02-24T21:56:09,208  WARN NetworkRoutingProvider:137 [mode: car; routingMode: car] Using deprecated routing module without access/egress. Consider using AccessEgressNetworkRouter instead.
2026-02-24T21:56:13,153  WARN NetworkRoutingProvider:137 [mode: car; routingMode: car] Using deprecated routing module without access/egress. Consider using AccessEgressNetworkRouter instead.
2026-02-24T21:56:13,162  WARN NetworkRoutingProvider:137 [mode: car; routingMode: car] Using deprecated routing module without access/egress. Consider using AccessEgressNetworkRouter instead.
2026-02-24T21:56:13,562  WARN NetworkRoutingProvider:137 [mode: car; routingMode: car] Using deprecated routing module without access/egress. Consider using AccessEgressNetworkRouter instead.
2026-02-24T21:56:13,568  WARN NetworkRoutingProvider:137 [mode: car; routingMode: car] Using deprecated routing module without access/egress. Consider using AccessEgressNetworkRouter instead.
2026-02-24T21:56:15,894  WARN NetworkRoutingProvider:137 [mode: car; routingMode: car] Using deprecated routing module without access/egress. Consider using AccessEgressNetworkRouter instead.
2026-02-24T21:56:15,908  WARN NetworkRoutingProvider:137 [mode: car; routingMode: car] Using deprecated routing module without access/egress. Consider using AccessEgressNetworkRouter instead.
2026-02-24T21:56:17,063  WARN NetworkRoutingProvider:137 [mode: car; routingMode: car] Using deprecated routing module without access/egress. Consider using AccessEgressNetworkRouter instead.
2026-02-24T21:56:17,081  WARN NetworkRoutingProvider:137 [mode: car; routingMode: car] Using deprecated routing module without access/egress. Consider using AccessEgressNetworkRouter instead.
2026-02-24T21:56:18,609  WARN NetworkRoutingProvider:137 [mode: car; routingMode: car] Using deprecated routing module without access/egress. Consider using AccessEgressNetworkRouter instead.
2026-02-24T21:56:18,630  WARN NetworkRoutingProvider:137 [mode: car; routingMode: car] Using deprecated routing module without access/egress. Consider using AccessEgressNetworkRouter instead.
2026-02-24T21:56:19,360  WARN NetworkRoutingProvider:137 [mode: car; routingMode: car] Using deprecated routing module without access/egress. Consider using AccessEgressNetworkRouter instead.
2026-02-24T21:56:19,371  WARN NetworkRoutingProvider:137 [mode: car; routingMode: car] Using deprecated routing module without access/egress. Consider using AccessEgressNetworkRouter instead.
2026-02-24T21:56:21,079  WARN NetworkRoutingProvider:137 [mode: car; routingMode: car] Using deprecated routing module without access/egress. Consider using AccessEgressNetworkRouter instead.
2026-02-24T21:56:21,090  WARN NetworkRoutingProvider:137 [mode: car; routingMode: car] Using deprecated routing module without access/egress. Consider using AccessEgressNetworkRouter instead.
2026-02-24T21:56:21,537  WARN NetworkRoutingProvider:137 [mode: car; routingMode: car] Using deprecated routing module without access/egress. Consider using AccessEgressNetworkRouter instead.
2026-02-24T21:56:21,544  WARN NetworkRoutingProvider:137 [mode: car; routingMode: car] Using deprecated routing module without access/egress. Consider using AccessEgressNetworkRouter instead.
2026-02-24T21:56:22,906  WARN NetworkRoutingProvider:137 [mode: car; routingMode: car] Using deprecated routing module without access/egress. Consider using AccessEgressNetworkRouter instead.
2026-02-24T21:56:22,925  WARN NetworkRoutingProvider:137 [mode: car; routingMode: car] Using deprecated routing module without access/egress. Consider using AccessEgressNetworkRouter instead.
2026-02-24T21:56:23,374  WARN NetworkRoutingProvider:137 [mode: car; routingMode: car] Using deprecated routing module without access/egress. Consider using AccessEgressNetworkRouter instead.
2026-02-24T21:56:23,381  WARN NetworkRoutingProvider:137 [mode: car; routingMode: car] Using deprecated routing module without access/egress. Consider using AccessEgressNetworkRouter instead.
2026-02-24T21:56:25,184  WARN NetworkRoutingProvider:137 [mode: car; routingMode: car] Using deprecated routing module without access/egress. Consider using AccessEgressNetworkRouter instead.
2026-02-24T21:56:25,188  WARN NetworkRoutingProvider:137 [mode: car; routingMode: car] Using deprecated routing module without access/egress. Consider using AccessEgressNetworkRouter instead.
2026-02-24T21:56:25,515  WARN NetworkRoutingProvider:137 [mode: car; routingMode: car] Using deprecated routing module without access/egress. Consider using AccessEgressNetworkRouter instead.
2026-02-24T21:56:25,519  WARN NetworkRoutingProvider:137 [mode: car; routingMode: car] Using deprecated routing module without access/egress. Consider using AccessEgressNetworkRouter instead.
2026-02-24T21:56:27,024  WARN NetworkRoutingProvider:137 [mode: car; routingMode: car] Using deprecated routing module without access/egress. Consider using AccessEgressNetworkRouter instead.
2026-02-24T21:56:27,037  WARN NetworkRoutingProvider:137 [mode: car; routingMode: car] Using deprecated routing module without access/egress. Consider using AccessEgressNetworkRouter instead.
2026-02-24T21:56:27,373  WARN NetworkRoutingProvider:137 [mode: car; routingMode: car] Using deprecated routing module without access/egress. Consider using AccessEgressNetworkRouter instead.
2026-02-24T21:56:27,384  WARN NetworkRoutingProvider:137 [mode: car; routingMode: car] Using deprecated routing module without access/egress. Consider using AccessEgressNetworkRouter instead.
2026-02-24T21:56:28,820  WARN NetworkRoutingProvider:137 [mode: car; routingMode: car] Using deprecated routing module without access/egress. Consider using AccessEgressNetworkRouter instead.
2026-02-24T21:56:28,831  WARN NetworkRoutingProvider:137 [mode: car; routingMode: car] Using deprecated routing module without access/egress. Consider using AccessEgressNetworkRouter instead.
2026-02-24T21:56:29,191  WARN NetworkRoutingProvider:137 [mode: car; routingMode: car] Using deprecated routing module without access/egress. Consider using AccessEgressNetworkRouter instead.
2026-02-24T21:56:29,202  WARN NetworkRoutingProvider:137 [mode: car; routingMode: car] Using deprecated routing module without access/egress. Consider using AccessEgressNetworkRouter instead.
2026-02-24T21:56:30,544  WARN NetworkRoutingProvider:137 [mode: car; routingMode: car] Using deprecated routing module without access/egress. Consider using AccessEgressNetworkRouter instead.
2026-02-24T21:56:30,552  WARN NetworkRoutingProvider:137 [mode: car; routingMode: car] Using deprecated routing module without access/egress. Consider using AccessEgressNetworkRouter instead.
2026-02-24T21:56:30,870  WARN NetworkRoutingProvider:137 [mode: car; routingMode: car] Using deprecated routing module without access/egress. Consider using AccessEgressNetworkRouter instead.
2026-02-24T21:56:30,877  WARN NetworkRoutingProvider:137 [mode: car; routingMode: car] Using deprecated routing module without access/egress. Consider using AccessEgressNetworkRouter instead.
